0 info it worked if it ends with ok
1 verbose cli [ '/usr/local/bin/node', '/usr/local/bin/npm', 'i', '-g', 'nodemon' ]
2 info using npm@6.13.6
3 info using node@v13.8.0
4 verbose npm-session e45727ebbd0f75bd
5 silly install loadCurrentTree
6 silly install readGlobalPackageData
7 http fetch GET 304 https://registry.npmjs.org/nodemon 281ms (from cache)
8 silly pacote tag manifest for nodemon@latest fetched in 308ms
9 timing stage:loadCurrentTree Completed in 344ms
10 silly install loadIdealTree
11 silly install cloneCurrentTreeToIdealTree
12 timing stage:loadIdealTree:cloneCurrentTree Completed in 0ms
13 silly install loadShrinkwrap
14 timing stage:loadIdealTree:loadShrinkwrap Completed in 3ms
15 silly install loadAllDepsIntoIdealTree
16 silly resolveWithNewModule nodemon@2.0.2 checking installable status
17 http fetch GET 304 https://registry.npmjs.org/debug 98ms (from cache)
18 silly pacote range manifest for debug@^3.2.6 fetched in 104ms
19 silly resolveWithNewModule debug@3.2.6 checking installable status
20 http fetch GET 304 https://registry.npmjs.org/semver 174ms (from cache)
21 http fetch GET 304 https://registry.npmjs.org/touch 176ms (from cache)
22 http fetch GET 304 https://registry.npmjs.org/minimatch 185ms (from cache)
23 http fetch GET 304 https://registry.npmjs.org/pstree.remy 187ms (from cache)
24 silly pacote range manifest for semver@^5.7.1 fetched in 187ms
25 silly resolveWithNewModule semver@5.7.1 checking installable status
26 silly pacote range manifest for touch@^3.1.0 fetched in 187ms
27 silly resolveWithNewModule touch@3.1.0 checking installable status
28 silly pacote range manifest for minimatch@^3.0.4 fetched in 195ms
29 silly resolveWithNewModule minimatch@3.0.4 checking installable status
30 silly pacote range manifest for pstree.remy@^1.1.7 fetched in 195ms
31 silly resolveWithNewModule pstree.remy@1.1.7 checking installable status
32 http fetch GET 304 https://registry.npmjs.org/update-notifier 189ms (from cache)
33 http fetch GET 304 https://registry.npmjs.org/undefsafe 193ms (from cache)
34 http fetch GET 304 https://registry.npmjs.org/supports-color 196ms (from cache)
35 silly pacote range manifest for update-notifier@^2.5.0 fetched in 196ms
36 silly resolveWithNewModule update-notifier@2.5.0 checking installable status
37 silly pacote range manifest for supports-color@^5.5.0 fetched in 202ms
38 silly resolveWithNewModule supports-color@5.5.0 checking installable status
39 silly pacote range manifest for undefsafe@^2.0.2 fetched in 201ms
40 silly resolveWithNewModule undefsafe@2.0.2 checking installable status
41 http fetch GET 304 https://registry.npmjs.org/chokidar 1190ms (from cache)
42 silly pacote range manifest for chokidar@^3.2.2 fetched in 1195ms
43 silly resolveWithNewModule chokidar@3.3.1 checking installable status
44 http fetch GET 304 https://registry.npmjs.org/ignore-by-default 1194ms (from cache)
45 silly pacote range manifest for ignore-by-default@^1.0.1 fetched in 1197ms
46 silly resolveWithNewModule ignore-by-default@1.0.1 checking installable status
47 http fetch GET 304 https://registry.npmjs.org/is-binary-path 195ms (from cache)
48 http fetch GET 304 https://registry.npmjs.org/is-glob 195ms (from cache)
49 http fetch GET 304 https://registry.npmjs.org/readdirp 198ms (from cache)
50 http fetch GET 304 https://registry.npmjs.org/anymatch 202ms (from cache)
51 http fetch GET 304 https://registry.npmjs.org/normalize-path 202ms (from cache)
52 http fetch GET 304 https://registry.npmjs.org/glob-parent 205ms (from cache)
53 http fetch GET 304 https://registry.npmjs.org/fsevents 206ms (from cache)
54 http fetch GET 304 https://registry.npmjs.org/braces 210ms (from cache)
55 silly pacote range manifest for is-binary-path@~2.1.0 fetched in 211ms
56 silly resolveWithNewModule is-binary-path@2.1.0 checking installable status
57 silly pacote range manifest for is-glob@~4.0.1 fetched in 212ms
58 silly resolveWithNewModule is-glob@4.0.1 checking installable status
59 silly pacote range manifest for readdirp@~3.3.0 fetched in 212ms
60 silly resolveWithNewModule readdirp@3.3.0 checking installable status
61 silly pacote range manifest for anymatch@~3.1.1 fetched in 216ms
62 silly resolveWithNewModule anymatch@3.1.1 checking installable status
63 silly pacote range manifest for glob-parent@~5.1.0 fetched in 218ms
64 silly resolveWithNewModule glob-parent@5.1.0 checking installable status
65 silly pacote range manifest for fsevents@~2.1.2 fetched in 216ms
66 silly resolveWithNewModule fsevents@2.1.2 checking installable status
67 silly pacote range manifest for normalize-path@~3.0.0 fetched in 218ms
68 silly resolveWithNewModule normalize-path@3.0.0 checking installable status
69 silly pacote range manifest for braces@~3.0.2 fetched in 220ms
70 silly resolveWithNewModule braces@3.0.2 checking installable status
71 http fetch GET 304 https://registry.npmjs.org/picomatch 62ms (from cache)
72 silly pacote range manifest for picomatch@^2.0.4 fetched in 66ms
73 silly resolveWithNewModule picomatch@2.2.1 checking installable status
74 http fetch GET 304 https://registry.npmjs.org/fill-range 58ms (from cache)
75 silly pacote range manifest for fill-range@^7.0.1 fetched in 63ms
76 silly resolveWithNewModule fill-range@7.0.1 checking installable status
77 http fetch GET 304 https://registry.npmjs.org/to-regex-range 80ms (from cache)
78 silly pacote range manifest for to-regex-range@^5.0.1 fetched in 84ms
79 silly resolveWithNewModule to-regex-range@5.0.1 checking installable status
80 http fetch GET 304 https://registry.npmjs.org/is-number 57ms (from cache)
81 silly pacote range manifest for is-number@^7.0.0 fetched in 62ms
82 silly resolveWithNewModule is-number@7.0.0 checking installable status
83 http fetch GET 304 https://registry.npmjs.org/is-extglob 54ms (from cache)
84 silly pacote range manifest for is-extglob@^2.1.1 fetched in 57ms
85 silly resolveWithNewModule is-extglob@2.1.1 checking installable status
86 http fetch GET 304 https://registry.npmjs.org/binary-extensions 50ms (from cache)
87 silly pacote range manifest for binary-extensions@^2.0.0 fetched in 54ms
88 silly resolveWithNewModule binary-extensions@2.0.0 checking installable status
89 http fetch GET 304 https://registry.npmjs.org/ms 49ms (from cache)
90 silly pacote range manifest for ms@^2.1.1 fetched in 53ms
91 silly resolveWithNewModule ms@2.1.2 checking installable status
92 http fetch GET 304 https://registry.npmjs.org/brace-expansion 53ms (from cache)
93 silly pacote range manifest for brace-expansion@^1.1.7 fetched in 56ms
94 silly resolveWithNewModule brace-expansion@1.1.11 checking installable status
95 http fetch GET 304 https://registry.npmjs.org/concat-map 53ms (from cache)
96 silly pacote version manifest for concat-map@0.0.1 fetched in 56ms
97 silly resolveWithNewModule concat-map@0.0.1 checking installable status
98 http fetch GET 304 https://registry.npmjs.org/balanced-match 64ms (from cache)
99 silly pacote range manifest for balanced-match@^1.0.0 fetched in 67ms
100 silly resolveWithNewModule balanced-match@1.0.0 checking installable status
101 http fetch GET 304 https://registry.npmjs.org/has-flag 50ms (from cache)
102 silly pacote range manifest for has-flag@^3.0.0 fetched in 53ms
103 silly resolveWithNewModule has-flag@3.0.0 checking installable status
104 http fetch GET 304 https://registry.npmjs.org/nopt 55ms (from cache)
105 silly pacote range manifest for nopt@~1.0.10 fetched in 59ms
106 silly resolveWithNewModule nopt@1.0.10 checking installable status
107 http fetch GET 304 https://registry.npmjs.org/abbrev 52ms (from cache)
108 silly pacote range manifest for abbrev@1 fetched in 55ms
109 silly resolveWithNewModule abbrev@1.1.1 checking installable status
110 silly pacote range manifest for debug@^2.2.0 fetched in 5ms
111 silly resolveWithNewModule debug@2.6.9 checking installable status
112 silly pacote version manifest for ms@2.0.0 fetched in 6ms
113 silly resolveWithNewModule ms@2.0.0 checking installable status
114 http fetch GET 304 https://registry.npmjs.org/chalk 85ms (from cache)
115 http fetch GET 304 https://registry.npmjs.org/import-lazy 87ms (from cache)
116 http fetch GET 304 https://registry.npmjs.org/is-npm 86ms (from cache)
117 http fetch GET 304 https://registry.npmjs.org/is-ci 91ms (from cache)
118 http fetch GET 304 https://registry.npmjs.org/configstore 97ms (from cache)
119 http fetch GET 304 https://registry.npmjs.org/is-installed-globally 98ms (from cache)
120 http fetch GET 304 https://registry.npmjs.org/semver-diff 97ms (from cache)
121 http fetch GET 304 https://registry.npmjs.org/latest-version 100ms (from cache)
122 silly pacote range manifest for is-npm@^1.0.0 fetched in 100ms
123 silly resolveWithNewModule is-npm@1.0.0 checking installable status
124 silly pacote range manifest for chalk@^2.0.1 fetched in 103ms
125 silly resolveWithNewModule chalk@2.4.2 checking installable status
126 silly pacote range manifest for import-lazy@^2.1.0 fetched in 104ms
127 silly resolveWithNewModule import-lazy@2.1.0 checking installable status
128 silly pacote range manifest for is-ci@^1.0.10 fetched in 104ms
129 silly resolveWithNewModule is-ci@1.2.1 checking installable status
130 silly pacote range manifest for configstore@^3.0.0 fetched in 108ms
131 silly resolveWithNewModule configstore@3.1.2 checking installable status
132 silly pacote range manifest for is-installed-globally@^0.1.0 fetched in 108ms
133 silly resolveWithNewModule is-installed-globally@0.1.0 checking installable status
134 http fetch GET 304 https://registry.npmjs.org/boxen 111ms (from cache)
135 silly pacote range manifest for semver-diff@^2.0.0 fetched in 108ms
136 silly resolveWithNewModule semver-diff@2.1.0 checking installable status
137 silly pacote range manifest for latest-version@^3.0.0 fetched in 110ms
138 silly resolveWithNewModule latest-version@3.1.0 checking installable status
139 silly pacote range manifest for boxen@^1.2.1 fetched in 115ms
140 silly resolveWithNewModule boxen@1.3.0 checking installable status
141 http fetch GET 304 https://registry.npmjs.org/xdg-basedir 119ms (from cache)
142 silly pacote range manifest for xdg-basedir@^3.0.0 fetched in 122ms
143 silly resolveWithNewModule xdg-basedir@3.0.0 checking installable status
144 http fetch GET 304 https://registry.npmjs.org/ansi-align 65ms (from cache)
145 http fetch GET 304 https://registry.npmjs.org/string-width 66ms (from cache)
146 http fetch GET 304 https://registry.npmjs.org/camelcase 68ms (from cache)
147 http fetch GET 304 https://registry.npmjs.org/widest-line 70ms (from cache)
148 silly pacote range manifest for ansi-align@^2.0.0 fetched in 74ms
149 silly resolveWithNewModule ansi-align@2.0.0 checking installable status
150 silly pacote range manifest for string-width@^2.0.0 fetched in 74ms
151 silly resolveWithNewModule string-width@2.1.1 checking installable status
152 silly pacote range manifest for camelcase@^4.0.0 fetched in 77ms
153 silly resolveWithNewModule camelcase@4.1.0 checking installable status
154 silly pacote range manifest for widest-line@^2.0.0 fetched in 76ms
155 silly resolveWithNewModule widest-line@2.0.1 checking installable status
156 http fetch GET 304 https://registry.npmjs.org/term-size 78ms (from cache)
157 http fetch GET 304 https://registry.npmjs.org/cli-boxes 80ms (from cache)
158 silly pacote range manifest for term-size@^1.2.0 fetched in 81ms
159 silly resolveWithNewModule term-size@1.2.0 checking installable status
160 silly pacote range manifest for cli-boxes@^1.0.0 fetched in 83ms
161 silly resolveWithNewModule cli-boxes@1.0.0 checking installable status
162 http fetch GET 304 https://registry.npmjs.org/strip-ansi 53ms (from cache)
163 silly pacote range manifest for strip-ansi@^4.0.0 fetched in 57ms
164 silly resolveWithNewModule strip-ansi@4.0.0 checking installable status
165 http fetch GET 304 https://registry.npmjs.org/is-fullwidth-code-point 64ms (from cache)
166 silly pacote range manifest for is-fullwidth-code-point@^2.0.0 fetched in 67ms
167 silly resolveWithNewModule is-fullwidth-code-point@2.0.0 checking installable status
168 http fetch GET 304 https://registry.npmjs.org/ansi-regex 51ms (from cache)
169 silly pacote range manifest for ansi-regex@^3.0.0 fetched in 54ms
170 silly resolveWithNewModule ansi-regex@3.0.0 checking installable status
171 http fetch GET 304 https://registry.npmjs.org/escape-string-regexp 48ms (from cache)
172 silly pacote range manifest for escape-string-regexp@^1.0.5 fetched in 50ms
173 silly resolveWithNewModule escape-string-regexp@1.0.5 checking installable status
174 http fetch GET 304 https://registry.npmjs.org/ansi-styles 54ms (from cache)
175 silly pacote range manifest for ansi-styles@^3.2.1 fetched in 57ms
176 silly resolveWithNewModule ansi-styles@3.2.1 checking installable status
177 http fetch GET 304 https://registry.npmjs.org/color-convert 52ms (from cache)
178 silly pacote range manifest for color-convert@^1.9.0 fetched in 55ms
179 silly resolveWithNewModule color-convert@1.9.3 checking installable status
180 http fetch GET 304 https://registry.npmjs.org/color-name 61ms (from cache)
181 silly pacote version manifest for color-name@1.1.3 fetched in 64ms
182 silly resolveWithNewModule color-name@1.1.3 checking installable status
183 http fetch GET 304 https://registry.npmjs.org/execa 57ms (from cache)
184 silly pacote range manifest for execa@^0.7.0 fetched in 61ms
185 silly resolveWithNewModule execa@0.7.0 checking installable status
186 http fetch GET 304 https://registry.npmjs.org/cross-spawn 63ms (from cache)
187 http fetch GET 304 https://registry.npmjs.org/npm-run-path 65ms (from cache)
188 http fetch GET 304 https://registry.npmjs.org/p-finally 68ms (from cache)
189 silly pacote range manifest for cross-spawn@^5.0.1 fetched in 71ms
190 silly resolveWithNewModule cross-spawn@5.1.0 checking installable status
191 silly pacote range manifest for npm-run-path@^2.0.0 fetched in 72ms
192 silly resolveWithNewModule npm-run-path@2.0.2 checking installable status
193 http fetch GET 304 https://registry.npmjs.org/get-stream 75ms (from cache)
194 silly pacote range manifest for p-finally@^1.0.0 fetched in 75ms
195 silly resolveWithNewModule p-finally@1.0.0 checking installable status
196 http fetch GET 304 https://registry.npmjs.org/is-stream 78ms (from cache)
197 silly pacote range manifest for get-stream@^3.0.0 fetched in 80ms
198 silly resolveWithNewModule get-stream@3.0.0 checking installable status
199 silly pacote range manifest for is-stream@^1.1.0 fetched in 83ms
200 silly resolveWithNewModule is-stream@1.1.0 checking installable status
201 http fetch GET 304 https://registry.npmjs.org/signal-exit 86ms (from cache)
202 silly pacote range manifest for signal-exit@^3.0.0 fetched in 89ms
203 silly resolveWithNewModule signal-exit@3.0.2 checking installable status
204 http fetch GET 304 https://registry.npmjs.org/strip-eof 89ms (from cache)
205 silly pacote range manifest for strip-eof@^1.0.0 fetched in 93ms
206 silly resolveWithNewModule strip-eof@1.0.0 checking installable status
207 http fetch GET 304 https://registry.npmjs.org/shebang-command 57ms (from cache)
208 http fetch GET 304 https://registry.npmjs.org/lru-cache 57ms (from cache)
209 silly pacote range manifest for lru-cache@^4.0.1 fetched in 63ms
210 silly resolveWithNewModule lru-cache@4.1.5 checking installable status
211 silly pacote range manifest for shebang-command@^1.2.0 fetched in 64ms
212 silly resolveWithNewModule shebang-command@1.2.0 checking installable status
213 http fetch GET 304 https://registry.npmjs.org/which 77ms (from cache)
214 silly pacote range manifest for which@^1.2.9 fetched in 81ms
215 silly resolveWithNewModule which@1.3.1 checking installable status
216 http fetch GET 304 https://registry.npmjs.org/pseudomap 50ms (from cache)
217 silly pacote range manifest for pseudomap@^1.0.2 fetched in 54ms
218 silly resolveWithNewModule pseudomap@1.0.2 checking installable status
219 http fetch GET 304 https://registry.npmjs.org/yallist 76ms (from cache)
220 silly pacote range manifest for yallist@^2.1.2 fetched in 81ms
221 silly resolveWithNewModule yallist@2.1.2 checking installable status
222 http fetch GET 304 https://registry.npmjs.org/shebang-regex 61ms (from cache)
223 silly pacote range manifest for shebang-regex@^1.0.0 fetched in 64ms
224 silly resolveWithNewModule shebang-regex@1.0.0 checking installable status
225 http fetch GET 304 https://registry.npmjs.org/isexe 49ms (from cache)
226 silly pacote range manifest for isexe@^2.0.0 fetched in 52ms
227 silly resolveWithNewModule isexe@2.0.0 checking installable status
228 http fetch GET 304 https://registry.npmjs.org/path-key 46ms (from cache)
229 silly pacote range manifest for path-key@^2.0.0 fetched in 49ms
230 silly resolveWithNewModule path-key@2.0.1 checking installable status
231 http fetch GET 304 https://registry.npmjs.org/make-dir 73ms (from cache)
232 http fetch GET 304 https://registry.npmjs.org/dot-prop 74ms (from cache)
233 http fetch GET 304 https://registry.npmjs.org/unique-string 74ms (from cache)
234 http fetch GET 304 https://registry.npmjs.org/graceful-fs 76ms (from cache)
235 http fetch GET 304 https://registry.npmjs.org/write-file-atomic 77ms (from cache)
236 silly pacote range manifest for make-dir@^1.0.0 fetched in 79ms
237 silly resolveWithNewModule make-dir@1.3.0 checking installable status
238 silly pacote range manifest for dot-prop@^4.1.0 fetched in 82ms
239 silly resolveWithNewModule dot-prop@4.2.0 checking installable status
240 silly pacote range manifest for unique-string@^1.0.0 fetched in 81ms
241 silly resolveWithNewModule unique-string@1.0.0 checking installable status
242 silly pacote range manifest for graceful-fs@^4.1.2 fetched in 83ms
243 silly resolveWithNewModule graceful-fs@4.2.3 checking installable status
244 silly pacote range manifest for write-file-atomic@^2.0.0 fetched in 83ms
245 silly resolveWithNewModule write-file-atomic@2.4.3 checking installable status
246 http fetch GET 304 https://registry.npmjs.org/is-obj 58ms (from cache)
247 silly pacote range manifest for is-obj@^1.0.0 fetched in 62ms
248 silly resolveWithNewModule is-obj@1.0.1 checking installable status
249 http fetch GET 304 https://registry.npmjs.org/pify 74ms (from cache)
250 silly pacote range manifest for pify@^3.0.0 fetched in 79ms
251 silly resolveWithNewModule pify@3.0.0 checking installable status
252 http fetch GET 304 https://registry.npmjs.org/crypto-random-string 50ms (from cache)
253 silly pacote range manifest for crypto-random-string@^1.0.0 fetched in 53ms
254 silly resolveWithNewModule crypto-random-string@1.0.0 checking installable status
255 http fetch GET 304 https://registry.npmjs.org/imurmurhash 51ms (from cache)
256 silly pacote range manifest for imurmurhash@^0.1.4 fetched in 54ms
257 silly resolveWithNewModule imurmurhash@0.1.4 checking installable status
258 http fetch GET 304 https://registry.npmjs.org/ci-info 60ms (from cache)
259 silly pacote range manifest for ci-info@^1.5.0 fetched in 63ms
260 silly resolveWithNewModule ci-info@1.6.0 checking installable status
261 http fetch GET 304 https://registry.npmjs.org/is-path-inside 70ms (from cache)
262 silly pacote range manifest for is-path-inside@^1.0.0 fetched in 74ms
263 silly resolveWithNewModule is-path-inside@1.0.1 checking installable status
264 http fetch GET 304 https://registry.npmjs.org/global-dirs 76ms (from cache)
265 silly pacote range manifest for global-dirs@^0.1.0 fetched in 79ms
266 silly resolveWithNewModule global-dirs@0.1.1 checking installable status
267 http fetch GET 304 https://registry.npmjs.org/ini 56ms (from cache)
268 silly pacote range manifest for ini@^1.3.4 fetched in 60ms
269 silly resolveWithNewModule ini@1.3.5 checking installable status
270 http fetch GET 304 https://registry.npmjs.org/path-is-inside 51ms (from cache)
271 silly pacote range manifest for path-is-inside@^1.0.1 fetched in 54ms
272 silly resolveWithNewModule path-is-inside@1.0.2 checking installable status
273 http fetch GET 304 https://registry.npmjs.org/package-json 49ms (from cache)
274 silly pacote range manifest for package-json@^4.0.0 fetched in 52ms
275 silly resolveWithNewModule package-json@4.0.1 checking installable status
276 http fetch GET 304 https://registry.npmjs.org/registry-url 62ms (from cache)
277 http fetch GET 304 https://registry.npmjs.org/registry-auth-token 63ms (from cache)
278 http fetch GET 304 https://registry.npmjs.org/got 67ms (from cache)
279 silly pacote range manifest for registry-url@^3.0.3 fetched in 67ms
280 silly resolveWithNewModule registry-url@3.1.0 checking installable status
281 silly pacote range manifest for registry-auth-token@^3.0.1 fetched in 71ms
282 silly resolveWithNewModule registry-auth-token@3.4.0 checking installable status
283 silly pacote range manifest for got@^6.7.1 fetched in 73ms
284 silly resolveWithNewModule got@6.7.1 checking installable status
285 http fetch GET 304 https://registry.npmjs.org/is-redirect 92ms (from cache)
286 http fetch GET 304 https://registry.npmjs.org/duplexer3 93ms (from cache)
287 http fetch GET 304 https://registry.npmjs.org/safe-buffer 94ms (from cache)
288 http fetch GET 304 https://registry.npmjs.org/create-error-class 96ms (from cache)
289 http fetch GET 304 https://registry.npmjs.org/url-parse-lax 95ms (from cache)
290 silly pacote range manifest for is-redirect@^1.0.0 fetched in 99ms
291 silly resolveWithNewModule is-redirect@1.0.0 checking installable status
292 http fetch GET 304 https://registry.npmjs.org/is-retry-allowed 100ms (from cache)
293 silly pacote range manifest for duplexer3@^0.1.4 fetched in 101ms
294 silly resolveWithNewModule duplexer3@0.1.4 checking installable status
295 silly pacote range manifest for safe-buffer@^5.0.1 fetched in 102ms
296 silly resolveWithNewModule safe-buffer@5.2.0 checking installable status
297 silly pacote range manifest for create-error-class@^3.0.0 fetched in 105ms
298 silly resolveWithNewModule create-error-class@3.0.2 checking installable status
299 silly pacote range manifest for url-parse-lax@^1.0.0 fetched in 103ms
300 silly resolveWithNewModule url-parse-lax@1.0.0 checking installable status
301 http fetch GET 304 https://registry.npmjs.org/unzip-response 104ms (from cache)
302 http fetch GET 304 https://registry.npmjs.org/timed-out 105ms (from cache)
303 silly pacote range manifest for is-retry-allowed@^1.0.0 fetched in 107ms
304 silly resolveWithNewModule is-retry-allowed@1.2.0 checking installable status
305 silly pacote range manifest for unzip-response@^2.0.1 fetched in 107ms
306 silly resolveWithNewModule unzip-response@2.0.1 checking installable status
307 silly pacote range manifest for timed-out@^4.0.0 fetched in 109ms
308 silly resolveWithNewModule timed-out@4.0.1 checking installable status
309 http fetch GET 304 https://registry.npmjs.org/lowercase-keys 111ms (from cache)
310 silly pacote range manifest for lowercase-keys@^1.0.0 fetched in 115ms
311 silly resolveWithNewModule lowercase-keys@1.0.1 checking installable status
312 http fetch GET 304 https://registry.npmjs.org/capture-stack-trace 52ms (from cache)
313 silly pacote range manifest for capture-stack-trace@^1.0.0 fetched in 55ms
314 silly resolveWithNewModule capture-stack-trace@1.0.1 checking installable status
315 http fetch GET 304 https://registry.npmjs.org/prepend-http 64ms (from cache)
316 silly pacote range manifest for prepend-http@^1.0.1 fetched in 68ms
317 silly resolveWithNewModule prepend-http@1.0.4 checking installable status
318 http fetch GET 304 https://registry.npmjs.org/rc 50ms (from cache)
319 silly pacote range manifest for rc@^1.1.6 fetched in 53ms
320 silly resolveWithNewModule rc@1.2.8 checking installable status
321 http fetch GET 304 https://registry.npmjs.org/deep-extend 56ms (from cache)
322 http fetch GET 304 https://registry.npmjs.org/minimist 58ms (from cache)
323 http fetch GET 304 https://registry.npmjs.org/strip-json-comments 59ms (from cache)
324 silly pacote range manifest for deep-extend@^0.6.0 fetched in 61ms
325 silly resolveWithNewModule deep-extend@0.6.0 checking installable status
326 silly pacote range manifest for minimist@^1.2.0 fetched in 62ms
327 silly resolveWithNewModule minimist@1.2.0 checking installable status
328 silly pacote range manifest for strip-json-comments@~2.0.1 fetched in 63ms
329 silly resolveWithNewModule strip-json-comments@2.0.1 checking installable status
330 timing stage:loadIdealTree:loadAllDepsIntoIdealTree Completed in 4316ms
331 timing stage:loadIdealTree Completed in 4355ms
332 silly currentTree lib
333 silly idealTree lib
333 silly idealTree `-- nodemon@2.0.2
333 silly idealTree   +-- abbrev@1.1.1
333 silly idealTree   +-- ansi-align@2.0.0
333 silly idealTree   +-- ansi-regex@3.0.0
333 silly idealTree   +-- ansi-styles@3.2.1
333 silly idealTree   +-- anymatch@3.1.1
333 silly idealTree   +-- balanced-match@1.0.0
333 silly idealTree   +-- binary-extensions@2.0.0
333 silly idealTree   +-- boxen@1.3.0
333 silly idealTree   +-- brace-expansion@1.1.11
333 silly idealTree   +-- braces@3.0.2
333 silly idealTree   +-- camelcase@4.1.0
333 silly idealTree   +-- capture-stack-trace@1.0.1
333 silly idealTree   +-- chalk@2.4.2
333 silly idealTree   +-- chokidar@3.3.1
333 silly idealTree   +-- ci-info@1.6.0
333 silly idealTree   +-- cli-boxes@1.0.0
333 silly idealTree   +-- color-convert@1.9.3
333 silly idealTree   +-- color-name@1.1.3
333 silly idealTree   +-- concat-map@0.0.1
333 silly idealTree   +-- configstore@3.1.2
333 silly idealTree   +-- create-error-class@3.0.2
333 silly idealTree   +-- cross-spawn@5.1.0
333 silly idealTree   +-- crypto-random-string@1.0.0
333 silly idealTree   +-- debug@3.2.6
333 silly idealTree   +-- deep-extend@0.6.0
333 silly idealTree   +-- dot-prop@4.2.0
333 silly idealTree   +-- duplexer3@0.1.4
333 silly idealTree   +-- escape-string-regexp@1.0.5
333 silly idealTree   +-- execa@0.7.0
333 silly idealTree   +-- fill-range@7.0.1
333 silly idealTree   +-- fsevents@2.1.2
333 silly idealTree   +-- get-stream@3.0.0
333 silly idealTree   +-- glob-parent@5.1.0
333 silly idealTree   +-- global-dirs@0.1.1
333 silly idealTree   +-- got@6.7.1
333 silly idealTree   +-- graceful-fs@4.2.3
333 silly idealTree   +-- has-flag@3.0.0
333 silly idealTree   +-- ignore-by-default@1.0.1
333 silly idealTree   +-- import-lazy@2.1.0
333 silly idealTree   +-- imurmurhash@0.1.4
333 silly idealTree   +-- ini@1.3.5
333 silly idealTree   +-- is-binary-path@2.1.0
333 silly idealTree   +-- is-ci@1.2.1
333 silly idealTree   +-- is-extglob@2.1.1
333 silly idealTree   +-- is-fullwidth-code-point@2.0.0
333 silly idealTree   +-- is-glob@4.0.1
333 silly idealTree   +-- is-installed-globally@0.1.0
333 silly idealTree   +-- is-npm@1.0.0
333 silly idealTree   +-- is-number@7.0.0
333 silly idealTree   +-- is-obj@1.0.1
333 silly idealTree   +-- is-path-inside@1.0.1
333 silly idealTree   +-- is-redirect@1.0.0
333 silly idealTree   +-- is-retry-allowed@1.2.0
333 silly idealTree   +-- is-stream@1.1.0
333 silly idealTree   +-- isexe@2.0.0
333 silly idealTree   +-- latest-version@3.1.0
333 silly idealTree   +-- lowercase-keys@1.0.1
333 silly idealTree   +-- lru-cache@4.1.5
333 silly idealTree   +-- make-dir@1.3.0
333 silly idealTree   +-- minimatch@3.0.4
333 silly idealTree   +-- minimist@1.2.0
333 silly idealTree   +-- ms@2.1.2
333 silly idealTree   +-- nopt@1.0.10
333 silly idealTree   +-- normalize-path@3.0.0
333 silly idealTree   +-- npm-run-path@2.0.2
333 silly idealTree   +-- p-finally@1.0.0
333 silly idealTree   +-- package-json@4.0.1
333 silly idealTree   +-- path-is-inside@1.0.2
333 silly idealTree   +-- path-key@2.0.1
333 silly idealTree   +-- picomatch@2.2.1
333 silly idealTree   +-- pify@3.0.0
333 silly idealTree   +-- prepend-http@1.0.4
333 silly idealTree   +-- pseudomap@1.0.2
333 silly idealTree   +-- pstree.remy@1.1.7
333 silly idealTree   +-- rc@1.2.8
333 silly idealTree   +-- readdirp@3.3.0
333 silly idealTree   +-- registry-auth-token@3.4.0
333 silly idealTree   +-- registry-url@3.1.0
333 silly idealTree   +-- safe-buffer@5.2.0
333 silly idealTree   +-- semver-diff@2.1.0
333 silly idealTree   +-- semver@5.7.1
333 silly idealTree   +-- shebang-command@1.2.0
333 silly idealTree   +-- shebang-regex@1.0.0
333 silly idealTree   +-- signal-exit@3.0.2
333 silly idealTree   +-- string-width@2.1.1
333 silly idealTree   +-- strip-ansi@4.0.0
333 silly idealTree   +-- strip-eof@1.0.0
333 silly idealTree   +-- strip-json-comments@2.0.1
333 silly idealTree   +-- supports-color@5.5.0
333 silly idealTree   +-- term-size@1.2.0
333 silly idealTree   +-- timed-out@4.0.1
333 silly idealTree   +-- to-regex-range@5.0.1
333 silly idealTree   +-- touch@3.1.0
333 silly idealTree   +-- undefsafe@2.0.2
333 silly idealTree   | +-- debug@2.6.9
333 silly idealTree   | `-- ms@2.0.0
333 silly idealTree   +-- unique-string@1.0.0
333 silly idealTree   +-- unzip-response@2.0.1
333 silly idealTree   +-- update-notifier@2.5.0
333 silly idealTree   +-- url-parse-lax@1.0.0
333 silly idealTree   +-- which@1.3.1
333 silly idealTree   +-- widest-line@2.0.1
333 silly idealTree   +-- write-file-atomic@2.4.3
333 silly idealTree   +-- xdg-basedir@3.0.0
333 silly idealTree   `-- yallist@2.1.2
334 silly install generateActionsToTake
335 warn checkPermissions Missing write access to /usr/local/lib/node_modules
336 timing stage:rollbackFailedOptional Completed in 1ms
337 timing stage:runTopLevelLifecycles Completed in 4722ms
338 verbose stack Error: EACCES: permission denied, access '/usr/local/lib/node_modules'
339 verbose cwd /home/node
340 verbose Linux 4.19.76-linuxkit
341 verbose argv "/usr/local/bin/node" "/usr/local/bin/npm" "i" "-g" "nodemon"
342 verbose node v13.8.0
343 verbose npm  v6.13.6
344 error code EACCES
345 error syscall access
346 error path /usr/local/lib/node_modules
347 error errno -13
348 error Error: EACCES: permission denied, access '/usr/local/lib/node_modules'
348 error  [Error: EACCES: permission denied, access '/usr/local/lib/node_modules'] {
348 error   stack: "Error: EACCES: permission denied, access '/usr/local/lib/node_modules'",
348 error   errno: -13,
348 error   code: 'EACCES',
348 error   syscall: 'access',
348 error   path: '/usr/local/lib/node_modules'
348 error }
349 error The operation was rejected by your operating system.
349 error It is likely you do not have the permissions to access this file as the current user
349 error
349 error If you believe this might be a permissions issue, please double-check the
349 error permissions of the file and its containing directories, or try running
349 error the command again as root/Administrator.
350 verbose exit [ -13, true ]
