0 info it worked if it ends with ok
1 verbose cli [ '/usr/local/bin/node', '/usr/local/bin/npm', 'i', '-g', 'nodemon' ]
2 info using npm@6.13.6
3 info using node@v13.8.0
4 verbose npm-session 9e48167f740524b9
5 silly install loadCurrentTree
6 silly install readGlobalPackageData
7 http fetch GET 304 https://registry.npmjs.org/nodemon 182ms (from cache)
8 silly pacote tag manifest for nodemon@latest fetched in 205ms
9 timing stage:loadCurrentTree Completed in 230ms
10 silly install loadIdealTree
11 silly install cloneCurrentTreeToIdealTree
12 timing stage:loadIdealTree:cloneCurrentTree Completed in 1ms
13 silly install loadShrinkwrap
14 timing stage:loadIdealTree:loadShrinkwrap Completed in 2ms
15 silly install loadAllDepsIntoIdealTree
16 silly resolveWithNewModule nodemon@2.0.2 checking installable status
17 http fetch GET 304 https://registry.npmjs.org/semver 85ms (from cache)
18 silly pacote range manifest for semver@^5.7.1 fetched in 91ms
19 silly resolveWithNewModule semver@5.7.1 checking installable status
20 http fetch GET 304 https://registry.npmjs.org/debug 154ms (from cache)
21 silly pacote range manifest for debug@^3.2.6 fetched in 164ms
22 silly resolveWithNewModule debug@3.2.6 checking installable status
23 http fetch GET 304 https://registry.npmjs.org/pstree.remy 164ms (from cache)
24 http fetch GET 304 https://registry.npmjs.org/touch 160ms (from cache)
25 http fetch GET 304 https://registry.npmjs.org/chokidar 170ms (from cache)
26 http fetch GET 304 https://registry.npmjs.org/supports-color 167ms (from cache)
27 silly pacote range manifest for pstree.remy@^1.1.7 fetched in 173ms
28 silly resolveWithNewModule pstree.remy@1.1.7 checking installable status
29 silly pacote range manifest for touch@^3.1.0 fetched in 169ms
30 silly resolveWithNewModule touch@3.1.0 checking installable status
31 silly pacote range manifest for chokidar@^3.2.2 fetched in 181ms
32 silly resolveWithNewModule chokidar@3.3.1 checking installable status
33 http fetch GET 304 https://registry.npmjs.org/update-notifier 170ms (from cache)
34 http fetch GET 304 https://registry.npmjs.org/minimatch 181ms (from cache)
35 silly pacote range manifest for supports-color@^5.5.0 fetched in 177ms
36 silly resolveWithNewModule supports-color@5.5.0 checking installable status
37 silly pacote range manifest for update-notifier@^2.5.0 fetched in 176ms
38 silly resolveWithNewModule update-notifier@2.5.0 checking installable status
39 http fetch GET 304 https://registry.npmjs.org/undefsafe 178ms (from cache)
40 http fetch GET 304 https://registry.npmjs.org/ignore-by-default 188ms (from cache)
41 silly pacote range manifest for minimatch@^3.0.4 fetched in 189ms
42 silly resolveWithNewModule minimatch@3.0.4 checking installable status
43 silly pacote range manifest for undefsafe@^2.0.2 fetched in 184ms
44 silly resolveWithNewModule undefsafe@2.0.2 checking installable status
45 silly pacote range manifest for ignore-by-default@^1.0.1 fetched in 194ms
46 silly resolveWithNewModule ignore-by-default@1.0.1 checking installable status
47 http fetch GET 200 https://registry.npmjs.org/is-glob 26ms (from cache)
48 silly pacote range manifest for is-glob@~4.0.1 fetched in 30ms
49 silly resolveWithNewModule is-glob@4.0.1 checking installable status
50 http fetch GET 304 https://registry.npmjs.org/is-binary-path 77ms (from cache)
51 http fetch GET 304 https://registry.npmjs.org/anymatch 80ms (from cache)
52 http fetch GET 304 https://registry.npmjs.org/glob-parent 81ms (from cache)
53 silly pacote range manifest for is-binary-path@~2.1.0 fetched in 85ms
54 silly resolveWithNewModule is-binary-path@2.1.0 checking installable status
55 http fetch GET 304 https://registry.npmjs.org/fsevents 84ms (from cache)
56 silly pacote range manifest for anymatch@~3.1.1 fetched in 88ms
57 silly resolveWithNewModule anymatch@3.1.1 checking installable status
58 http fetch GET 304 https://registry.npmjs.org/readdirp 87ms (from cache)
59 silly pacote range manifest for glob-parent@~5.1.0 fetched in 94ms
60 silly resolveWithNewModule glob-parent@5.1.0 checking installable status
61 silly pacote range manifest for fsevents@~2.1.2 fetched in 94ms
62 silly resolveWithNewModule fsevents@2.1.2 checking installable status
63 silly pacote range manifest for readdirp@~3.3.0 fetched in 96ms
64 silly resolveWithNewModule readdirp@3.3.0 checking installable status
65 http fetch GET 304 https://registry.npmjs.org/normalize-path 98ms (from cache)
66 http fetch GET 304 https://registry.npmjs.org/braces 100ms (from cache)
67 silly pacote range manifest for normalize-path@~3.0.0 fetched in 103ms
68 silly resolveWithNewModule normalize-path@3.0.0 checking installable status
69 silly pacote range manifest for braces@~3.0.2 fetched in 105ms
70 silly resolveWithNewModule braces@3.0.2 checking installable status
71 http fetch GET 304 https://registry.npmjs.org/picomatch 52ms (from cache)
72 silly pacote range manifest for picomatch@^2.0.4 fetched in 56ms
73 silly resolveWithNewModule picomatch@2.2.1 checking installable status
74 http fetch GET 304 https://registry.npmjs.org/fill-range 54ms (from cache)
75 silly pacote range manifest for fill-range@^7.0.1 fetched in 57ms
76 silly resolveWithNewModule fill-range@7.0.1 checking installable status
77 http fetch GET 304 https://registry.npmjs.org/to-regex-range 59ms (from cache)
78 silly pacote range manifest for to-regex-range@^5.0.1 fetched in 63ms
79 silly resolveWithNewModule to-regex-range@5.0.1 checking installable status
80 http fetch GET 304 https://registry.npmjs.org/is-number 54ms (from cache)
81 silly pacote range manifest for is-number@^7.0.0 fetched in 58ms
82 silly resolveWithNewModule is-number@7.0.0 checking installable status
83 http fetch GET 304 https://registry.npmjs.org/is-extglob 53ms (from cache)
84 silly pacote range manifest for is-extglob@^2.1.1 fetched in 56ms
85 silly resolveWithNewModule is-extglob@2.1.1 checking installable status
86 http fetch GET 304 https://registry.npmjs.org/binary-extensions 60ms (from cache)
87 silly pacote range manifest for binary-extensions@^2.0.0 fetched in 66ms
88 silly resolveWithNewModule binary-extensions@2.0.0 checking installable status
89 http fetch GET 304 https://registry.npmjs.org/ms 52ms (from cache)
90 silly pacote range manifest for ms@^2.1.1 fetched in 56ms
91 silly resolveWithNewModule ms@2.1.2 checking installable status
92 http fetch GET 304 https://registry.npmjs.org/brace-expansion 86ms (from cache)
93 silly pacote range manifest for brace-expansion@^1.1.7 fetched in 90ms
94 silly resolveWithNewModule brace-expansion@1.1.11 checking installable status
95 http fetch GET 304 https://registry.npmjs.org/concat-map 62ms (from cache)
96 silly pacote version manifest for concat-map@0.0.1 fetched in 67ms
97 silly resolveWithNewModule concat-map@0.0.1 checking installable status
98 http fetch GET 304 https://registry.npmjs.org/balanced-match 78ms (from cache)
99 silly pacote range manifest for balanced-match@^1.0.0 fetched in 81ms
100 silly resolveWithNewModule balanced-match@1.0.0 checking installable status
101 http fetch GET 304 https://registry.npmjs.org/has-flag 52ms (from cache)
102 silly pacote range manifest for has-flag@^3.0.0 fetched in 56ms
103 silly resolveWithNewModule has-flag@3.0.0 checking installable status
104 http fetch GET 304 https://registry.npmjs.org/nopt 54ms (from cache)
105 silly pacote range manifest for nopt@~1.0.10 fetched in 57ms
106 silly resolveWithNewModule nopt@1.0.10 checking installable status
107 http fetch GET 304 https://registry.npmjs.org/abbrev 56ms (from cache)
108 silly pacote range manifest for abbrev@1 fetched in 61ms
109 silly resolveWithNewModule abbrev@1.1.1 checking installable status
110 silly pacote range manifest for debug@^2.2.0 fetched in 9ms
111 silly resolveWithNewModule debug@2.6.9 checking installable status
112 silly pacote version manifest for ms@2.0.0 fetched in 4ms
113 silly resolveWithNewModule ms@2.0.0 checking installable status
114 http fetch GET 200 https://registry.npmjs.org/xdg-basedir 27ms (from cache)
115 silly pacote range manifest for xdg-basedir@^3.0.0 fetched in 31ms
116 silly resolveWithNewModule xdg-basedir@3.0.0 checking installable status
117 http fetch GET 304 https://registry.npmjs.org/chalk 98ms (from cache)
118 silly pacote range manifest for chalk@^2.0.1 fetched in 114ms
119 silly resolveWithNewModule chalk@2.4.2 checking installable status
120 http fetch GET 304 https://registry.npmjs.org/is-ci 113ms (from cache)
121 http fetch GET 304 https://registry.npmjs.org/boxen 115ms (from cache)
122 http fetch GET 304 https://registry.npmjs.org/is-npm 115ms (from cache)
123 http fetch GET 304 https://registry.npmjs.org/configstore 118ms (from cache)
124 http fetch GET 304 https://registry.npmjs.org/semver-diff 117ms (from cache)
125 silly pacote range manifest for is-ci@^1.0.10 fetched in 122ms
126 silly resolveWithNewModule is-ci@1.2.1 checking installable status
127 silly pacote range manifest for boxen@^1.2.1 fetched in 123ms
128 silly resolveWithNewModule boxen@1.3.0 checking installable status
129 http fetch GET 304 https://registry.npmjs.org/latest-version 122ms (from cache)
130 http fetch GET 304 https://registry.npmjs.org/import-lazy 123ms (from cache)
131 silly pacote range manifest for is-npm@^1.0.0 fetched in 124ms
132 silly resolveWithNewModule is-npm@1.0.0 checking installable status
133 http fetch GET 304 https://registry.npmjs.org/is-installed-globally 124ms (from cache)
134 silly pacote range manifest for configstore@^3.0.0 fetched in 127ms
135 silly resolveWithNewModule configstore@3.1.2 checking installable status
136 silly pacote range manifest for semver-diff@^2.0.0 fetched in 125ms
137 silly resolveWithNewModule semver-diff@2.1.0 checking installable status
138 silly pacote range manifest for latest-version@^3.0.0 fetched in 127ms
139 silly resolveWithNewModule latest-version@3.1.0 checking installable status
140 silly pacote range manifest for import-lazy@^2.1.0 fetched in 129ms
141 silly resolveWithNewModule import-lazy@2.1.0 checking installable status
142 silly pacote range manifest for is-installed-globally@^0.1.0 fetched in 128ms
143 silly resolveWithNewModule is-installed-globally@0.1.0 checking installable status
144 http fetch GET 304 https://registry.npmjs.org/term-size 69ms (from cache)
145 http fetch GET 304 https://registry.npmjs.org/widest-line 69ms (from cache)
146 http fetch GET 304 https://registry.npmjs.org/cli-boxes 70ms (from cache)
147 http fetch GET 304 https://registry.npmjs.org/camelcase 71ms (from cache)
148 http fetch GET 304 https://registry.npmjs.org/ansi-align 75ms (from cache)
149 silly pacote range manifest for term-size@^1.2.0 fetched in 75ms
150 silly resolveWithNewModule term-size@1.2.0 checking installable status
151 silly pacote range manifest for widest-line@^2.0.0 fetched in 75ms
152 silly resolveWithNewModule widest-line@2.0.1 checking installable status
153 silly pacote range manifest for camelcase@^4.0.0 fetched in 78ms
154 silly resolveWithNewModule camelcase@4.1.0 checking installable status
155 silly pacote range manifest for cli-boxes@^1.0.0 fetched in 78ms
156 silly resolveWithNewModule cli-boxes@1.0.0 checking installable status
157 http fetch GET 304 https://registry.npmjs.org/string-width 78ms (from cache)
158 silly pacote range manifest for ansi-align@^2.0.0 fetched in 80ms
159 silly resolveWithNewModule ansi-align@2.0.0 checking installable status
160 silly pacote range manifest for string-width@^2.0.0 fetched in 82ms
161 silly resolveWithNewModule string-width@2.1.1 checking installable status
162 http fetch GET 304 https://registry.npmjs.org/strip-ansi 62ms (from cache)
163 http fetch GET 304 https://registry.npmjs.org/is-fullwidth-code-point 63ms (from cache)
164 silly pacote range manifest for strip-ansi@^4.0.0 fetched in 65ms
165 silly resolveWithNewModule strip-ansi@4.0.0 checking installable status
166 silly pacote range manifest for is-fullwidth-code-point@^2.0.0 fetched in 67ms
167 silly resolveWithNewModule is-fullwidth-code-point@2.0.0 checking installable status
168 http fetch GET 304 https://registry.npmjs.org/ansi-regex 57ms (from cache)
169 silly pacote range manifest for ansi-regex@^3.0.0 fetched in 59ms
170 silly resolveWithNewModule ansi-regex@3.0.0 checking installable status
171 http fetch GET 304 https://registry.npmjs.org/ansi-styles 56ms (from cache)
172 silly pacote range manifest for ansi-styles@^3.2.1 fetched in 60ms
173 silly resolveWithNewModule ansi-styles@3.2.1 checking installable status
174 http fetch GET 304 https://registry.npmjs.org/escape-string-regexp 60ms (from cache)
175 silly pacote range manifest for escape-string-regexp@^1.0.5 fetched in 63ms
176 silly resolveWithNewModule escape-string-regexp@1.0.5 checking installable status
177 http fetch GET 304 https://registry.npmjs.org/color-convert 42ms (from cache)
178 silly pacote range manifest for color-convert@^1.9.0 fetched in 46ms
179 silly resolveWithNewModule color-convert@1.9.3 checking installable status
180 http fetch GET 304 https://registry.npmjs.org/color-name 68ms (from cache)
181 silly pacote version manifest for color-name@1.1.3 fetched in 78ms
182 silly resolveWithNewModule color-name@1.1.3 checking installable status
183 http fetch GET 304 https://registry.npmjs.org/execa 58ms (from cache)
184 silly pacote range manifest for execa@^0.7.0 fetched in 61ms
185 silly resolveWithNewModule execa@0.7.0 checking installable status
186 http fetch GET 304 https://registry.npmjs.org/get-stream 77ms (from cache)
187 http fetch GET 304 https://registry.npmjs.org/npm-run-path 79ms (from cache)
188 http fetch GET 304 https://registry.npmjs.org/signal-exit 78ms (from cache)
189 silly pacote range manifest for get-stream@^3.0.0 fetched in 85ms
190 silly resolveWithNewModule get-stream@3.0.0 checking installable status
191 silly pacote range manifest for npm-run-path@^2.0.0 fetched in 85ms
192 silly resolveWithNewModule npm-run-path@2.0.2 checking installable status
193 silly pacote range manifest for signal-exit@^3.0.0 fetched in 85ms
194 silly resolveWithNewModule signal-exit@3.0.2 checking installable status
195 http fetch GET 304 https://registry.npmjs.org/is-stream 90ms (from cache)
196 http fetch GET 304 https://registry.npmjs.org/p-finally 93ms (from cache)
197 http fetch GET 304 https://registry.npmjs.org/strip-eof 93ms (from cache)
198 http fetch GET 304 https://registry.npmjs.org/cross-spawn 95ms (from cache)
199 silly pacote range manifest for is-stream@^1.1.0 fetched in 103ms
200 silly resolveWithNewModule is-stream@1.1.0 checking installable status
201 silly pacote range manifest for p-finally@^1.0.0 fetched in 103ms
202 silly resolveWithNewModule p-finally@1.0.0 checking installable status
203 silly pacote range manifest for strip-eof@^1.0.0 fetched in 104ms
204 silly resolveWithNewModule strip-eof@1.0.0 checking installable status
205 silly pacote range manifest for cross-spawn@^5.0.1 fetched in 106ms
206 silly resolveWithNewModule cross-spawn@5.1.0 checking installable status
207 http fetch GET 304 https://registry.npmjs.org/shebang-command 56ms (from cache)
208 http fetch GET 304 https://registry.npmjs.org/lru-cache 59ms (from cache)
209 http fetch GET 304 https://registry.npmjs.org/which 59ms (from cache)
210 silly pacote range manifest for shebang-command@^1.2.0 fetched in 62ms
211 silly resolveWithNewModule shebang-command@1.2.0 checking installable status
212 silly pacote range manifest for lru-cache@^4.0.1 fetched in 63ms
213 silly resolveWithNewModule lru-cache@4.1.5 checking installable status
214 silly pacote range manifest for which@^1.2.9 fetched in 64ms
215 silly resolveWithNewModule which@1.3.1 checking installable status
216 http fetch GET 304 https://registry.npmjs.org/yallist 58ms (from cache)
217 http fetch GET 304 https://registry.npmjs.org/pseudomap 58ms (from cache)
218 silly pacote range manifest for yallist@^2.1.2 fetched in 62ms
219 silly resolveWithNewModule yallist@2.1.2 checking installable status
220 silly pacote range manifest for pseudomap@^1.0.2 fetched in 63ms
221 silly resolveWithNewModule pseudomap@1.0.2 checking installable status
222 http fetch GET 304 https://registry.npmjs.org/shebang-regex 59ms (from cache)
223 silly pacote range manifest for shebang-regex@^1.0.0 fetched in 63ms
224 silly resolveWithNewModule shebang-regex@1.0.0 checking installable status
225 http fetch GET 304 https://registry.npmjs.org/isexe 66ms (from cache)
226 silly pacote range manifest for isexe@^2.0.0 fetched in 70ms
227 silly resolveWithNewModule isexe@2.0.0 checking installable status
228 http fetch GET 304 https://registry.npmjs.org/path-key 59ms (from cache)
229 silly pacote range manifest for path-key@^2.0.0 fetched in 63ms
230 silly resolveWithNewModule path-key@2.0.1 checking installable status
231 http fetch GET 200 https://registry.npmjs.org/unique-string 18ms (from cache)
232 silly pacote range manifest for unique-string@^1.0.0 fetched in 22ms
233 silly resolveWithNewModule unique-string@1.0.0 checking installable status
234 http fetch GET 304 https://registry.npmjs.org/make-dir 64ms (from cache)
235 http fetch GET 304 https://registry.npmjs.org/dot-prop 66ms (from cache)
236 http fetch GET 304 https://registry.npmjs.org/graceful-fs 67ms (from cache)
237 http fetch GET 304 https://registry.npmjs.org/write-file-atomic 68ms (from cache)
238 silly pacote range manifest for make-dir@^1.0.0 fetched in 69ms
239 silly resolveWithNewModule make-dir@1.3.0 checking installable status
240 silly pacote range manifest for dot-prop@^4.1.0 fetched in 71ms
241 silly resolveWithNewModule dot-prop@4.2.0 checking installable status
242 silly pacote range manifest for graceful-fs@^4.1.2 fetched in 72ms
243 silly resolveWithNewModule graceful-fs@4.2.3 checking installable status
244 silly pacote range manifest for write-file-atomic@^2.0.0 fetched in 72ms
245 silly resolveWithNewModule write-file-atomic@2.4.3 checking installable status
246 http fetch GET 304 https://registry.npmjs.org/is-obj 67ms (from cache)
247 silly pacote range manifest for is-obj@^1.0.0 fetched in 71ms
248 silly resolveWithNewModule is-obj@1.0.1 checking installable status
249 http fetch GET 304 https://registry.npmjs.org/pify 56ms (from cache)
250 silly pacote range manifest for pify@^3.0.0 fetched in 60ms
251 silly resolveWithNewModule pify@3.0.0 checking installable status
252 http fetch GET 304 https://registry.npmjs.org/crypto-random-string 55ms (from cache)
253 silly pacote range manifest for crypto-random-string@^1.0.0 fetched in 61ms
254 silly resolveWithNewModule crypto-random-string@1.0.0 checking installable status
255 http fetch GET 304 https://registry.npmjs.org/imurmurhash 53ms (from cache)
256 silly pacote range manifest for imurmurhash@^0.1.4 fetched in 58ms
257 silly resolveWithNewModule imurmurhash@0.1.4 checking installable status
258 http fetch GET 304 https://registry.npmjs.org/ci-info 59ms (from cache)
259 silly pacote range manifest for ci-info@^1.5.0 fetched in 63ms
260 silly resolveWithNewModule ci-info@1.6.0 checking installable status
261 http fetch GET 304 https://registry.npmjs.org/is-path-inside 53ms (from cache)
262 silly pacote range manifest for is-path-inside@^1.0.0 fetched in 57ms
263 silly resolveWithNewModule is-path-inside@1.0.1 checking installable status
264 http fetch GET 304 https://registry.npmjs.org/global-dirs 109ms (from cache)
265 silly pacote range manifest for global-dirs@^0.1.0 fetched in 113ms
266 silly resolveWithNewModule global-dirs@0.1.1 checking installable status
267 http fetch GET 304 https://registry.npmjs.org/ini 54ms (from cache)
268 silly pacote range manifest for ini@^1.3.4 fetched in 58ms
269 silly resolveWithNewModule ini@1.3.5 checking installable status
270 http fetch GET 304 https://registry.npmjs.org/path-is-inside 66ms (from cache)
271 silly pacote range manifest for path-is-inside@^1.0.1 fetched in 71ms
272 silly resolveWithNewModule path-is-inside@1.0.2 checking installable status
273 http fetch GET 304 https://registry.npmjs.org/package-json 55ms (from cache)
274 silly pacote range manifest for package-json@^4.0.0 fetched in 60ms
275 silly resolveWithNewModule package-json@4.0.1 checking installable status
276 http fetch GET 304 https://registry.npmjs.org/registry-auth-token 77ms (from cache)
277 http fetch GET 304 https://registry.npmjs.org/got 78ms (from cache)
278 http fetch GET 304 https://registry.npmjs.org/registry-url 80ms (from cache)
279 silly pacote range manifest for registry-auth-token@^3.0.1 fetched in 82ms
280 silly resolveWithNewModule registry-auth-token@3.4.0 checking installable status
281 silly pacote range manifest for got@^6.7.1 fetched in 84ms
282 silly resolveWithNewModule got@6.7.1 checking installable status
283 silly pacote range manifest for registry-url@^3.0.3 fetched in 84ms
284 silly resolveWithNewModule registry-url@3.1.0 checking installable status
285 http fetch GET 200 https://registry.npmjs.org/timed-out 19ms (from cache)
286 silly pacote range manifest for timed-out@^4.0.0 fetched in 23ms
287 silly resolveWithNewModule timed-out@4.0.1 checking installable status
288 http fetch GET 304 https://registry.npmjs.org/duplexer3 65ms (from cache)
289 http fetch GET 304 https://registry.npmjs.org/unzip-response 61ms (from cache)
290 http fetch GET 304 https://registry.npmjs.org/is-redirect 67ms (from cache)
291 silly pacote range manifest for duplexer3@^0.1.4 fetched in 70ms
292 silly resolveWithNewModule duplexer3@0.1.4 checking installable status
293 silly pacote range manifest for unzip-response@^2.0.1 fetched in 67ms
294 silly resolveWithNewModule unzip-response@2.0.1 checking installable status
295 silly pacote range manifest for is-redirect@^1.0.0 fetched in 73ms
296 silly resolveWithNewModule is-redirect@1.0.0 checking installable status
297 http fetch GET 304 https://registry.npmjs.org/is-retry-allowed 87ms (from cache)
298 http fetch GET 304 https://registry.npmjs.org/safe-buffer 83ms (from cache)
299 http fetch GET 304 https://registry.npmjs.org/create-error-class 89ms (from cache)
300 silly pacote range manifest for is-retry-allowed@^1.0.0 fetched in 90ms
301 silly resolveWithNewModule is-retry-allowed@1.2.0 checking installable status
302 silly pacote range manifest for safe-buffer@^5.0.1 fetched in 87ms
303 silly resolveWithNewModule safe-buffer@5.2.0 checking installable status
304 silly pacote range manifest for create-error-class@^3.0.0 fetched in 93ms
305 silly resolveWithNewModule create-error-class@3.0.2 checking installable status
306 http fetch GET 304 https://registry.npmjs.org/lowercase-keys 120ms (from cache)
307 http fetch GET 304 https://registry.npmjs.org/url-parse-lax 120ms (from cache)
308 silly pacote range manifest for lowercase-keys@^1.0.0 fetched in 124ms
309 silly resolveWithNewModule lowercase-keys@1.0.1 checking installable status
310 silly pacote range manifest for url-parse-lax@^1.0.0 fetched in 123ms
311 silly resolveWithNewModule url-parse-lax@1.0.0 checking installable status
312 http fetch GET 304 https://registry.npmjs.org/capture-stack-trace 63ms (from cache)
313 silly pacote range manifest for capture-stack-trace@^1.0.0 fetched in 65ms
314 silly resolveWithNewModule capture-stack-trace@1.0.1 checking installable status
315 http fetch GET 304 https://registry.npmjs.org/prepend-http 47ms (from cache)
316 silly pacote range manifest for prepend-http@^1.0.1 fetched in 49ms
317 silly resolveWithNewModule prepend-http@1.0.4 checking installable status
318 http fetch GET 304 https://registry.npmjs.org/rc 52ms (from cache)
319 silly pacote range manifest for rc@^1.1.6 fetched in 55ms
320 silly resolveWithNewModule rc@1.2.8 checking installable status
321 http fetch GET 304 https://registry.npmjs.org/minimist 54ms (from cache)
322 http fetch GET 304 https://registry.npmjs.org/strip-json-comments 55ms (from cache)
323 silly pacote range manifest for minimist@^1.2.0 fetched in 60ms
324 silly resolveWithNewModule minimist@1.2.0 checking installable status
325 silly pacote range manifest for strip-json-comments@~2.0.1 fetched in 61ms
326 silly resolveWithNewModule strip-json-comments@2.0.1 checking installable status
327 http fetch GET 304 https://registry.npmjs.org/deep-extend 80ms (from cache)
328 silly pacote range manifest for deep-extend@^0.6.0 fetched in 85ms
329 silly resolveWithNewModule deep-extend@0.6.0 checking installable status
330 timing stage:loadIdealTree:loadAllDepsIntoIdealTree Completed in 3357ms
331 timing stage:loadIdealTree Completed in 3403ms
332 silly currentTree lib
333 silly idealTree lib
333 silly idealTree `-- nodemon@2.0.2
333 silly idealTree   +-- abbrev@1.1.1
333 silly idealTree   +-- ansi-align@2.0.0
333 silly idealTree   +-- ansi-regex@3.0.0
333 silly idealTree   +-- ansi-styles@3.2.1
333 silly idealTree   +-- anymatch@3.1.1
333 silly idealTree   +-- balanced-match@1.0.0
333 silly idealTree   +-- binary-extensions@2.0.0
333 silly idealTree   +-- boxen@1.3.0
333 silly idealTree   +-- brace-expansion@1.1.11
333 silly idealTree   +-- braces@3.0.2
333 silly idealTree   +-- camelcase@4.1.0
333 silly idealTree   +-- capture-stack-trace@1.0.1
333 silly idealTree   +-- chalk@2.4.2
333 silly idealTree   +-- chokidar@3.3.1
333 silly idealTree   +-- ci-info@1.6.0
333 silly idealTree   +-- cli-boxes@1.0.0
333 silly idealTree   +-- color-convert@1.9.3
333 silly idealTree   +-- color-name@1.1.3
333 silly idealTree   +-- concat-map@0.0.1
333 silly idealTree   +-- configstore@3.1.2
333 silly idealTree   +-- create-error-class@3.0.2
333 silly idealTree   +-- cross-spawn@5.1.0
333 silly idealTree   +-- crypto-random-string@1.0.0
333 silly idealTree   +-- debug@3.2.6
333 silly idealTree   +-- deep-extend@0.6.0
333 silly idealTree   +-- dot-prop@4.2.0
333 silly idealTree   +-- duplexer3@0.1.4
333 silly idealTree   +-- escape-string-regexp@1.0.5
333 silly idealTree   +-- execa@0.7.0
333 silly idealTree   +-- fill-range@7.0.1
333 silly idealTree   +-- fsevents@2.1.2
333 silly idealTree   +-- get-stream@3.0.0
333 silly idealTree   +-- glob-parent@5.1.0
333 silly idealTree   +-- global-dirs@0.1.1
333 silly idealTree   +-- got@6.7.1
333 silly idealTree   +-- graceful-fs@4.2.3
333 silly idealTree   +-- has-flag@3.0.0
333 silly idealTree   +-- ignore-by-default@1.0.1
333 silly idealTree   +-- import-lazy@2.1.0
333 silly idealTree   +-- imurmurhash@0.1.4
333 silly idealTree   +-- ini@1.3.5
333 silly idealTree   +-- is-binary-path@2.1.0
333 silly idealTree   +-- is-ci@1.2.1
333 silly idealTree   +-- is-extglob@2.1.1
333 silly idealTree   +-- is-fullwidth-code-point@2.0.0
333 silly idealTree   +-- is-glob@4.0.1
333 silly idealTree   +-- is-installed-globally@0.1.0
333 silly idealTree   +-- is-npm@1.0.0
333 silly idealTree   +-- is-number@7.0.0
333 silly idealTree   +-- is-obj@1.0.1
333 silly idealTree   +-- is-path-inside@1.0.1
333 silly idealTree   +-- is-redirect@1.0.0
333 silly idealTree   +-- is-retry-allowed@1.2.0
333 silly idealTree   +-- is-stream@1.1.0
333 silly idealTree   +-- isexe@2.0.0
333 silly idealTree   +-- latest-version@3.1.0
333 silly idealTree   +-- lowercase-keys@1.0.1
333 silly idealTree   +-- lru-cache@4.1.5
333 silly idealTree   +-- make-dir@1.3.0
333 silly idealTree   +-- minimatch@3.0.4
333 silly idealTree   +-- minimist@1.2.0
333 silly idealTree   +-- ms@2.1.2
333 silly idealTree   +-- nopt@1.0.10
333 silly idealTree   +-- normalize-path@3.0.0
333 silly idealTree   +-- npm-run-path@2.0.2
333 silly idealTree   +-- p-finally@1.0.0
333 silly idealTree   +-- package-json@4.0.1
333 silly idealTree   +-- path-is-inside@1.0.2
333 silly idealTree   +-- path-key@2.0.1
333 silly idealTree   +-- picomatch@2.2.1
333 silly idealTree   +-- pify@3.0.0
333 silly idealTree   +-- prepend-http@1.0.4
333 silly idealTree   +-- pseudomap@1.0.2
333 silly idealTree   +-- pstree.remy@1.1.7
333 silly idealTree   +-- rc@1.2.8
333 silly idealTree   +-- readdirp@3.3.0
333 silly idealTree   +-- registry-auth-token@3.4.0
333 silly idealTree   +-- registry-url@3.1.0
333 silly idealTree   +-- safe-buffer@5.2.0
333 silly idealTree   +-- semver-diff@2.1.0
333 silly idealTree   +-- semver@5.7.1
333 silly idealTree   +-- shebang-command@1.2.0
333 silly idealTree   +-- shebang-regex@1.0.0
333 silly idealTree   +-- signal-exit@3.0.2
333 silly idealTree   +-- string-width@2.1.1
333 silly idealTree   +-- strip-ansi@4.0.0
333 silly idealTree   +-- strip-eof@1.0.0
333 silly idealTree   +-- strip-json-comments@2.0.1
333 silly idealTree   +-- supports-color@5.5.0
333 silly idealTree   +-- term-size@1.2.0
333 silly idealTree   +-- timed-out@4.0.1
333 silly idealTree   +-- to-regex-range@5.0.1
333 silly idealTree   +-- touch@3.1.0
333 silly idealTree   +-- undefsafe@2.0.2
333 silly idealTree   | +-- debug@2.6.9
333 silly idealTree   | `-- ms@2.0.0
333 silly idealTree   +-- unique-string@1.0.0
333 silly idealTree   +-- unzip-response@2.0.1
333 silly idealTree   +-- update-notifier@2.5.0
333 silly idealTree   +-- url-parse-lax@1.0.0
333 silly idealTree   +-- which@1.3.1
333 silly idealTree   +-- widest-line@2.0.1
333 silly idealTree   +-- write-file-atomic@2.4.3
333 silly idealTree   +-- xdg-basedir@3.0.0
333 silly idealTree   `-- yallist@2.1.2
334 silly install generateActionsToTake
335 warn checkPermissions Missing write access to /usr/local/lib/node_modules
336 timing stage:rollbackFailedOptional Completed in 1ms
337 timing stage:runTopLevelLifecycles Completed in 3656ms
338 verbose stack Error: EACCES: permission denied, access '/usr/local/lib/node_modules'
339 verbose cwd /home/node
340 verbose Linux 4.19.76-linuxkit
341 verbose argv "/usr/local/bin/node" "/usr/local/bin/npm" "i" "-g" "nodemon"
342 verbose node v13.8.0
343 verbose npm  v6.13.6
344 error code EACCES
345 error syscall access
346 error path /usr/local/lib/node_modules
347 error errno -13
348 error Error: EACCES: permission denied, access '/usr/local/lib/node_modules'
348 error  [Error: EACCES: permission denied, access '/usr/local/lib/node_modules'] {
348 error   stack: "Error: EACCES: permission denied, access '/usr/local/lib/node_modules'",
348 error   errno: -13,
348 error   code: 'EACCES',
348 error   syscall: 'access',
348 error   path: '/usr/local/lib/node_modules'
348 error }
349 error The operation was rejected by your operating system.
349 error It is likely you do not have the permissions to access this file as the current user
349 error
349 error If you believe this might be a permissions issue, please double-check the
349 error permissions of the file and its containing directories, or try running
349 error the command again as root/Administrator.
350 verbose exit [ -13, true ]
